DEBUG - 2026-02-15 09:05:01 --> Session: Class initialized using 'CodeIgniter\Session\Handlers\FileHandler' driver.
DEBUG - 2026-02-15 10:19:18 --> Session: Class initialized using 'CodeIgniter\Session\Handlers\FileHandler' driver.
DEBUG - 2026-02-15 11:15:23 --> Session: Class initialized using 'CodeIgniter\Session\Handlers\FileHandler' driver.
DEBUG - 2026-02-15 11:31:46 --> Session: Class initialized using 'CodeIgniter\Session\Handlers\FileHandler' driver.
DEBUG - 2026-02-15 11:35:28 --> Session: Class initialized using 'CodeIgniter\Session\Handlers\FileHandler' driver.
DEBUG - 2026-02-15 11:37:46 --> Session: Class initialized using 'CodeIgniter\Session\Handlers\FileHandler' driver.
CRITICAL - 2026-02-15 14:48:04 --> ErrorException: Undefined property: stdClass::$userPhoto
[Method: POST, Route: api/usuarios/actualizarPerfil]
in APPPATH/Controllers/UsuariosController.php on line 458.
 1 APPPATH/Controllers/UsuariosController.php(458): CodeIgniter\Debug\Exceptions->errorHandler(2, 'Undefined property: stdClass::$userPhoto', '/var/www/html/app/Controllers/UsuariosController.php', 458)
 2 SYSTEMPATH/CodeIgniter.php(933): App\Controllers\UsuariosController->updatePerfil()
 3 SYSTEMPATH/CodeIgniter.php(507): CodeIgniter\CodeIgniter->runController(Object(App\Controllers\UsuariosController))
 4 SYSTEMPATH/CodeIgniter.php(354): CodeIgniter\CodeIgniter->handleRequest(null, Object(Config\Cache), false)
 5 SYSTEMPATH/Boot.php(363): CodeIgniter\CodeIgniter->run()
 6 SYSTEMPATH/Boot.php(68): CodeIgniter\Boot::runCodeIgniter(Object(CodeIgniter\CodeIgniter))
 7 FCPATH/index.php(63): CodeIgniter\Boot::bootWeb(Object(Config\Paths))
CRITICAL - 2026-02-15 14:48:14 --> ErrorException: Undefined property: stdClass::$userPhoto
[Method: POST, Route: api/usuarios/actualizarPerfil]
in APPPATH/Controllers/UsuariosController.php on line 458.
 1 APPPATH/Controllers/UsuariosController.php(458): CodeIgniter\Debug\Exceptions->errorHandler(2, 'Undefined property: stdClass::$userPhoto', '/var/www/html/app/Controllers/UsuariosController.php', 458)
 2 SYSTEMPATH/CodeIgniter.php(933): App\Controllers\UsuariosController->updatePerfil()
 3 SYSTEMPATH/CodeIgniter.php(507): CodeIgniter\CodeIgniter->runController(Object(App\Controllers\UsuariosController))
 4 SYSTEMPATH/CodeIgniter.php(354): CodeIgniter\CodeIgniter->handleRequest(null, Object(Config\Cache), false)
 5 SYSTEMPATH/Boot.php(363): CodeIgniter\CodeIgniter->run()
 6 SYSTEMPATH/Boot.php(68): CodeIgniter\Boot::runCodeIgniter(Object(CodeIgniter\CodeIgniter))
 7 FCPATH/index.php(63): CodeIgniter\Boot::bootWeb(Object(Config\Paths))
CRITICAL - 2026-02-15 14:53:36 --> ErrorException: Undefined property: stdClass::$userPhoto
[Method: POST, Route: api/usuarios/actualizarPerfil]
in APPPATH/Controllers/UsuariosController.php on line 459.
 1 APPPATH/Controllers/UsuariosController.php(459): CodeIgniter\Debug\Exceptions->errorHandler(2, 'Undefined property: stdClass::$userPhoto', '/var/www/html/app/Controllers/UsuariosController.php', 459)
 2 SYSTEMPATH/CodeIgniter.php(933): App\Controllers\UsuariosController->updatePerfil()
 3 SYSTEMPATH/CodeIgniter.php(507): CodeIgniter\CodeIgniter->runController(Object(App\Controllers\UsuariosController))
 4 SYSTEMPATH/CodeIgniter.php(354): CodeIgniter\CodeIgniter->handleRequest(null, Object(Config\Cache), false)
 5 SYSTEMPATH/Boot.php(363): CodeIgniter\CodeIgniter->run()
 6 SYSTEMPATH/Boot.php(68): CodeIgniter\Boot::runCodeIgniter(Object(CodeIgniter\CodeIgniter))
 7 FCPATH/index.php(63): CodeIgniter\Boot::bootWeb(Object(Config\Paths))
CRITICAL - 2026-02-15 14:53:53 --> ErrorException: Undefined property: stdClass::$userPhoto
[Method: POST, Route: api/usuarios/actualizarPerfil]
in APPPATH/Controllers/UsuariosController.php on line 459.
 1 APPPATH/Controllers/UsuariosController.php(459): CodeIgniter\Debug\Exceptions->errorHandler(2, 'Undefined property: stdClass::$userPhoto', '/var/www/html/app/Controllers/UsuariosController.php', 459)
 2 SYSTEMPATH/CodeIgniter.php(933): App\Controllers\UsuariosController->updatePerfil()
 3 SYSTEMPATH/CodeIgniter.php(507): CodeIgniter\CodeIgniter->runController(Object(App\Controllers\UsuariosController))
 4 SYSTEMPATH/CodeIgniter.php(354): CodeIgniter\CodeIgniter->handleRequest(null, Object(Config\Cache), false)
 5 SYSTEMPATH/Boot.php(363): CodeIgniter\CodeIgniter->run()
 6 SYSTEMPATH/Boot.php(68): CodeIgniter\Boot::runCodeIgniter(Object(CodeIgniter\CodeIgniter))
 7 FCPATH/index.php(63): CodeIgniter\Boot::bootWeb(Object(Config\Paths))
DEBUG - 2026-02-15 15:02:51 --> Session: Class initialized using 'CodeIgniter\Session\Handlers\FileHandler' driver.
DEBUG - 2026-02-15 15:03:07 --> Session: Class initialized using 'CodeIgniter\Session\Handlers\FileHandler' driver.
DEBUG - 2026-02-15 15:03:32 --> Session: Class initialized using 'CodeIgniter\Session\Handlers\FileHandler' driver.
DEBUG - 2026-02-15 15:11:40 --> Session: Class initialized using 'CodeIgniter\Session\Handlers\FileHandler' driver.
DEBUG - 2026-02-15 15:11:44 --> Session: Class initialized using 'CodeIgniter\Session\Handlers\FileHandler' driver.
DEBUG - 2026-02-15 15:11:46 --> Session: Class initialized using 'CodeIgniter\Session\Handlers\FileHandler' driver.
DEBUG - 2026-02-15 15:11:49 --> Session: Class initialized using 'CodeIgniter\Session\Handlers\FileHandler' driver.
DEBUG - 2026-02-15 15:14:43 --> Session: Class initialized using 'CodeIgniter\Session\Handlers\FileHandler' driver.
DEBUG - 2026-02-15 15:14:49 --> Session: Class initialized using 'CodeIgniter\Session\Handlers\FileHandler' driver.
DEBUG - 2026-02-15 15:14:52 --> Session: Class initialized using 'CodeIgniter\Session\Handlers\FileHandler' driver.
DEBUG - 2026-02-15 15:17:05 --> Session: Class initialized using 'CodeIgniter\Session\Handlers\FileHandler' driver.
DEBUG - 2026-02-15 15:20:21 --> Session: Class initialized using 'CodeIgniter\Session\Handlers\FileHandler' driver.
DEBUG - 2026-02-15 15:37:58 --> Session: Class initialized using 'CodeIgniter\Session\Handlers\FileHandler' driver.
DEBUG - 2026-02-15 15:41:33 --> Session: Class initialized using 'CodeIgniter\Session\Handlers\FileHandler' driver.
DEBUG - 2026-02-15 16:26:30 --> Session: Class initialized using 'CodeIgniter\Session\Handlers\FileHandler' driver.
CRITICAL - 2026-02-15 16:41:55 --> ErrorException: Undefined property: stdClass::$solicitud_id
[Method: POST, Route: api/propietarios/match]
in APPPATH/Controllers/UsuariosController.php on line 366.
 1 APPPATH/Controllers/UsuariosController.php(366): CodeIgniter\Debug\Exceptions->errorHandler(2, 'Undefined property: stdClass::$solicitud_id', '/var/www/html/app/Controllers/UsuariosController.php', 366)
 2 SYSTEMPATH/CodeIgniter.php(933): App\Controllers\UsuariosController->crearMatch()
 3 SYSTEMPATH/CodeIgniter.php(507): CodeIgniter\CodeIgniter->runController(Object(App\Controllers\UsuariosController))
 4 SYSTEMPATH/CodeIgniter.php(354): CodeIgniter\CodeIgniter->handleRequest(null, Object(Config\Cache), false)
 5 SYSTEMPATH/Boot.php(363): CodeIgniter\CodeIgniter->run()
 6 SYSTEMPATH/Boot.php(68): CodeIgniter\Boot::runCodeIgniter(Object(CodeIgniter\CodeIgniter))
 7 FCPATH/index.php(63): CodeIgniter\Boot::bootWeb(Object(Config\Paths))
DEBUG - 2026-02-15 17:36:04 --> Session: Class initialized using 'CodeIgniter\Session\Handlers\FileHandler' driver.
DEBUG - 2026-02-15 17:37:47 --> Session: Class initialized using 'CodeIgniter\Session\Handlers\FileHandler' driver.
DEBUG - 2026-02-15 19:58:14 --> Session: Class initialized using 'CodeIgniter\Session\Handlers\FileHandler' driver.
DEBUG - 2026-02-15 19:59:43 --> Session: Class initialized using 'CodeIgniter\Session\Handlers\FileHandler' driver.
