ERROR - 2026-02-06 09:18:10 --> mysqli_sql_exception: Unknown column 'usuarios.universidad.id' in 'on clause' in /var/www/html/univibe/backend/system/Database/MySQLi/Connection.php:327
Stack trace:
#0 /var/www/html/univibe/backend/system/Database/MySQLi/Connection.php(327): mysqli->query()
#1 /var/www/html/univibe/backend/system/Database/BaseConnection.php(729): CodeIgniter\Database\MySQLi\Connection->execute()
#2 /var/www/html/univibe/backend/system/Database/BaseConnection.php(646): CodeIgniter\Database\BaseConnection->simpleQuery()
#3 /var/www/html/univibe/backend/system/Database/BaseBuilder.php(1649): CodeIgniter\Database\BaseConnection->query()
#4 /var/www/html/univibe/backend/system/Model.php(330): CodeIgniter\Database\BaseBuilder->get()
#5 /var/www/html/univibe/backend/system/BaseModel.php(715): CodeIgniter\Model->doFirst()
#6 /var/www/html/univibe/backend/app/Models/UsuariosModel.php(31): CodeIgniter\BaseModel->first()
#7 /var/www/html/univibe/backend/app/Controllers/UsuariosController.php(141): App\Models\UsuariosModel->getUsuarios()
#8 /var/www/html/univibe/backend/system/CodeIgniter.php(933): App\Controllers\UsuariosController->getPerfilUsuario()
#9 /var/www/html/univibe/backend/system/CodeIgniter.php(507): CodeIgniter\CodeIgniter->runController()
#10 /var/www/html/univibe/backend/system/CodeIgniter.php(354): CodeIgniter\CodeIgniter->handleRequest()
#11 /var/www/html/univibe/backend/system/Boot.php(363): CodeIgniter\CodeIgniter->run()
#12 /var/www/html/univibe/backend/system/Boot.php(68): CodeIgniter\Boot::runCodeIgniter()
#13 /var/www/html/univibe/backend/public/index.php(63): CodeIgniter\Boot::bootWeb()
#14 {main}
CRITICAL - 2026-02-06 09:18:10 --> CodeIgniter\Database\Exceptions\DatabaseException: Unknown column 'usuarios.universidad.id' in 'on clause'
[Method: GET, Route: api/usuarios/perfil/9]
in SYSTEMPATH/Database/BaseConnection.php on line 684.
 1 SYSTEMPATH/Database/BaseBuilder.php(1649): CodeIgniter\Database\BaseConnection->query()
 2 SYSTEMPATH/Model.php(330): CodeIgniter\Database\BaseBuilder->get()
 3 SYSTEMPATH/BaseModel.php(715): CodeIgniter\Model->doFirst()
 4 APPPATH/Models/UsuariosModel.php(31): CodeIgniter\BaseModel->first()
 5 APPPATH/Controllers/UsuariosController.php(141): App\Models\UsuariosModel->getUsuarios()
 6 SYSTEMPATH/CodeIgniter.php(933): App\Controllers\UsuariosController->getPerfilUsuario()
 7 SYSTEMPATH/CodeIgniter.php(507): CodeIgniter\CodeIgniter->runController()
 8 SYSTEMPATH/CodeIgniter.php(354): CodeIgniter\CodeIgniter->handleRequest()
 9 SYSTEMPATH/Boot.php(363): CodeIgniter\CodeIgniter->run()
10 SYSTEMPATH/Boot.php(68): CodeIgniter\Boot::runCodeIgniter()
11 FCPATH/index.php(63): CodeIgniter\Boot::bootWeb()
CRITICAL - 2026-02-06 09:18:10 --> [Caused by] CodeIgniter\Database\Exceptions\DatabaseException: Unknown column 'usuarios.universidad.id' in 'on clause'
in SYSTEMPATH/Database/MySQLi/Connection.php on line 332.
 1 SYSTEMPATH/Database/BaseConnection.php(729): CodeIgniter\Database\MySQLi\Connection->execute()
 2 SYSTEMPATH/Database/BaseConnection.php(646): CodeIgniter\Database\BaseConnection->simpleQuery()
 3 SYSTEMPATH/Database/BaseBuilder.php(1649): CodeIgniter\Database\BaseConnection->query()
 4 SYSTEMPATH/Model.php(330): CodeIgniter\Database\BaseBuilder->get()
 5 SYSTEMPATH/BaseModel.php(715): CodeIgniter\Model->doFirst()
 6 APPPATH/Models/UsuariosModel.php(31): CodeIgniter\BaseModel->first()
 7 APPPATH/Controllers/UsuariosController.php(141): App\Models\UsuariosModel->getUsuarios()
 8 SYSTEMPATH/CodeIgniter.php(933): App\Controllers\UsuariosController->getPerfilUsuario()
 9 SYSTEMPATH/CodeIgniter.php(507): CodeIgniter\CodeIgniter->runController()
10 SYSTEMPATH/CodeIgniter.php(354): CodeIgniter\CodeIgniter->handleRequest()
11 SYSTEMPATH/Boot.php(363): CodeIgniter\CodeIgniter->run()
12 SYSTEMPATH/Boot.php(68): CodeIgniter\Boot::runCodeIgniter()
13 FCPATH/index.php(63): CodeIgniter\Boot::bootWeb()
CRITICAL - 2026-02-06 09:18:10 --> [Caused by] mysqli_sql_exception: Unknown column 'usuarios.universidad.id' in 'on clause'
in SYSTEMPATH/Database/MySQLi/Connection.php on line 327.
 1 SYSTEMPATH/Database/MySQLi/Connection.php(327): mysqli->query()
 2 SYSTEMPATH/Database/BaseConnection.php(729): CodeIgniter\Database\MySQLi\Connection->execute()
 3 SYSTEMPATH/Database/BaseConnection.php(646): CodeIgniter\Database\BaseConnection->simpleQuery()
 4 SYSTEMPATH/Database/BaseBuilder.php(1649): CodeIgniter\Database\BaseConnection->query()
 5 SYSTEMPATH/Model.php(330): CodeIgniter\Database\BaseBuilder->get()
 6 SYSTEMPATH/BaseModel.php(715): CodeIgniter\Model->doFirst()
 7 APPPATH/Models/UsuariosModel.php(31): CodeIgniter\BaseModel->first()
 8 APPPATH/Controllers/UsuariosController.php(141): App\Models\UsuariosModel->getUsuarios()
 9 SYSTEMPATH/CodeIgniter.php(933): App\Controllers\UsuariosController->getPerfilUsuario()
10 SYSTEMPATH/CodeIgniter.php(507): CodeIgniter\CodeIgniter->runController()
11 SYSTEMPATH/CodeIgniter.php(354): CodeIgniter\CodeIgniter->handleRequest()
12 SYSTEMPATH/Boot.php(363): CodeIgniter\CodeIgniter->run()
13 SYSTEMPATH/Boot.php(68): CodeIgniter\Boot::runCodeIgniter()
14 FCPATH/index.php(63): CodeIgniter\Boot::bootWeb()
ERROR - 2026-02-06 09:18:23 --> mysqli_sql_exception: Unknown column 'usuarios.universidad.id' in 'on clause' in /var/www/html/univibe/backend/system/Database/MySQLi/Connection.php:327
Stack trace:
#0 /var/www/html/univibe/backend/system/Database/MySQLi/Connection.php(327): mysqli->query()
#1 /var/www/html/univibe/backend/system/Database/BaseConnection.php(729): CodeIgniter\Database\MySQLi\Connection->execute()
#2 /var/www/html/univibe/backend/system/Database/BaseConnection.php(646): CodeIgniter\Database\BaseConnection->simpleQuery()
#3 /var/www/html/univibe/backend/system/Database/BaseBuilder.php(1649): CodeIgniter\Database\BaseConnection->query()
#4 /var/www/html/univibe/backend/system/Model.php(330): CodeIgniter\Database\BaseBuilder->get()
#5 /var/www/html/univibe/backend/system/BaseModel.php(715): CodeIgniter\Model->doFirst()
#6 /var/www/html/univibe/backend/app/Models/UsuariosModel.php(31): CodeIgniter\BaseModel->first()
#7 /var/www/html/univibe/backend/app/Controllers/UsuariosController.php(141): App\Models\UsuariosModel->getUsuarios()
#8 /var/www/html/univibe/backend/system/CodeIgniter.php(933): App\Controllers\UsuariosController->getPerfilUsuario()
#9 /var/www/html/univibe/backend/system/CodeIgniter.php(507): CodeIgniter\CodeIgniter->runController()
#10 /var/www/html/univibe/backend/system/CodeIgniter.php(354): CodeIgniter\CodeIgniter->handleRequest()
#11 /var/www/html/univibe/backend/system/Boot.php(363): CodeIgniter\CodeIgniter->run()
#12 /var/www/html/univibe/backend/system/Boot.php(68): CodeIgniter\Boot::runCodeIgniter()
#13 /var/www/html/univibe/backend/public/index.php(63): CodeIgniter\Boot::bootWeb()
#14 {main}
CRITICAL - 2026-02-06 09:18:23 --> CodeIgniter\Database\Exceptions\DatabaseException: Unknown column 'usuarios.universidad.id' in 'on clause'
[Method: GET, Route: api/usuarios/perfil/9]
in SYSTEMPATH/Database/BaseConnection.php on line 684.
 1 SYSTEMPATH/Database/BaseBuilder.php(1649): CodeIgniter\Database\BaseConnection->query()
 2 SYSTEMPATH/Model.php(330): CodeIgniter\Database\BaseBuilder->get()
 3 SYSTEMPATH/BaseModel.php(715): CodeIgniter\Model->doFirst()
 4 APPPATH/Models/UsuariosModel.php(31): CodeIgniter\BaseModel->first()
 5 APPPATH/Controllers/UsuariosController.php(141): App\Models\UsuariosModel->getUsuarios()
 6 SYSTEMPATH/CodeIgniter.php(933): App\Controllers\UsuariosController->getPerfilUsuario()
 7 SYSTEMPATH/CodeIgniter.php(507): CodeIgniter\CodeIgniter->runController()
 8 SYSTEMPATH/CodeIgniter.php(354): CodeIgniter\CodeIgniter->handleRequest()
 9 SYSTEMPATH/Boot.php(363): CodeIgniter\CodeIgniter->run()
10 SYSTEMPATH/Boot.php(68): CodeIgniter\Boot::runCodeIgniter()
11 FCPATH/index.php(63): CodeIgniter\Boot::bootWeb()
CRITICAL - 2026-02-06 09:18:23 --> [Caused by] CodeIgniter\Database\Exceptions\DatabaseException: Unknown column 'usuarios.universidad.id' in 'on clause'
in SYSTEMPATH/Database/MySQLi/Connection.php on line 332.
 1 SYSTEMPATH/Database/BaseConnection.php(729): CodeIgniter\Database\MySQLi\Connection->execute()
 2 SYSTEMPATH/Database/BaseConnection.php(646): CodeIgniter\Database\BaseConnection->simpleQuery()
 3 SYSTEMPATH/Database/BaseBuilder.php(1649): CodeIgniter\Database\BaseConnection->query()
 4 SYSTEMPATH/Model.php(330): CodeIgniter\Database\BaseBuilder->get()
 5 SYSTEMPATH/BaseModel.php(715): CodeIgniter\Model->doFirst()
 6 APPPATH/Models/UsuariosModel.php(31): CodeIgniter\BaseModel->first()
 7 APPPATH/Controllers/UsuariosController.php(141): App\Models\UsuariosModel->getUsuarios()
 8 SYSTEMPATH/CodeIgniter.php(933): App\Controllers\UsuariosController->getPerfilUsuario()
 9 SYSTEMPATH/CodeIgniter.php(507): CodeIgniter\CodeIgniter->runController()
10 SYSTEMPATH/CodeIgniter.php(354): CodeIgniter\CodeIgniter->handleRequest()
11 SYSTEMPATH/Boot.php(363): CodeIgniter\CodeIgniter->run()
12 SYSTEMPATH/Boot.php(68): CodeIgniter\Boot::runCodeIgniter()
13 FCPATH/index.php(63): CodeIgniter\Boot::bootWeb()
CRITICAL - 2026-02-06 09:18:23 --> [Caused by] mysqli_sql_exception: Unknown column 'usuarios.universidad.id' in 'on clause'
in SYSTEMPATH/Database/MySQLi/Connection.php on line 327.
 1 SYSTEMPATH/Database/MySQLi/Connection.php(327): mysqli->query()
 2 SYSTEMPATH/Database/BaseConnection.php(729): CodeIgniter\Database\MySQLi\Connection->execute()
 3 SYSTEMPATH/Database/BaseConnection.php(646): CodeIgniter\Database\BaseConnection->simpleQuery()
 4 SYSTEMPATH/Database/BaseBuilder.php(1649): CodeIgniter\Database\BaseConnection->query()
 5 SYSTEMPATH/Model.php(330): CodeIgniter\Database\BaseBuilder->get()
 6 SYSTEMPATH/BaseModel.php(715): CodeIgniter\Model->doFirst()
 7 APPPATH/Models/UsuariosModel.php(31): CodeIgniter\BaseModel->first()
 8 APPPATH/Controllers/UsuariosController.php(141): App\Models\UsuariosModel->getUsuarios()
 9 SYSTEMPATH/CodeIgniter.php(933): App\Controllers\UsuariosController->getPerfilUsuario()
10 SYSTEMPATH/CodeIgniter.php(507): CodeIgniter\CodeIgniter->runController()
11 SYSTEMPATH/CodeIgniter.php(354): CodeIgniter\CodeIgniter->handleRequest()
12 SYSTEMPATH/Boot.php(363): CodeIgniter\CodeIgniter->run()
13 SYSTEMPATH/Boot.php(68): CodeIgniter\Boot::runCodeIgniter()
14 FCPATH/index.php(63): CodeIgniter\Boot::bootWeb()
CRITICAL - 2026-02-06 11:46:48 --> Error: Class "App\Models\SolicitudesModel" not found
[Method: GET, Route: api/inmuebles/inmuebleDetalle/2]
in APPPATH/Models/InmueblesModel.php on line 104.
 1 APPPATH/Controllers/InmueblesController.php(40): App\Models\InmueblesModel->getInmuebleDetalle()
 2 SYSTEMPATH/CodeIgniter.php(933): App\Controllers\InmueblesController->inmuebleDetalle()
 3 SYSTEMPATH/CodeIgniter.php(507): CodeIgniter\CodeIgniter->runController()
 4 SYSTEMPATH/CodeIgniter.php(354): CodeIgniter\CodeIgniter->handleRequest()
 5 SYSTEMPATH/Boot.php(363): CodeIgniter\CodeIgniter->run()
 6 SYSTEMPATH/Boot.php(68): CodeIgniter\Boot::runCodeIgniter()
 7 FCPATH/index.php(63): CodeIgniter\Boot::bootWeb()
CRITICAL - 2026-02-06 11:51:25 --> Error: Call to undefined method CodeIgniter\Database\MySQLi\Builder::findAll()
[Method: GET, Route: api/inmuebles/inmuebleDetalle/2]
in APPPATH/Models/InmueblesModel.php on line 116.
 1 APPPATH/Controllers/InmueblesController.php(41): App\Models\InmueblesModel->getInmuebleDetalle()
 2 SYSTEMPATH/CodeIgniter.php(933): App\Controllers\InmueblesController->inmuebleDetalle()
 3 SYSTEMPATH/CodeIgniter.php(507): CodeIgniter\CodeIgniter->runController()
 4 SYSTEMPATH/CodeIgniter.php(354): CodeIgniter\CodeIgniter->handleRequest()
 5 SYSTEMPATH/Boot.php(363): CodeIgniter\CodeIgniter->run()
 6 SYSTEMPATH/Boot.php(68): CodeIgniter\Boot::runCodeIgniter()
 7 FCPATH/index.php(63): CodeIgniter\Boot::bootWeb()
ERROR - 2026-02-06 21:50:55 --> mysqli_sql_exception: You have an error in your SQL syntax; check the manual that corresponds to your MySQL server version for the right syntax to use near '* SEPARATOR ", ") AS atributos_usuario
FROM `usuarios`
LEFT JOIN `carreras` ON `' at line 1 in /var/www/html/system/Database/MySQLi/Connection.php:327
Stack trace:
#0 /var/www/html/system/Database/MySQLi/Connection.php(327): mysqli->query('SELECT `usuario...', 0)
#1 /var/www/html/system/Database/BaseConnection.php(729): CodeIgniter\Database\MySQLi\Connection->execute('SELECT `usuario...')
#2 /var/www/html/system/Database/BaseConnection.php(646): CodeIgniter\Database\BaseConnection->simpleQuery('SELECT `usuario...')
#3 /var/www/html/system/Database/BaseBuilder.php(1649): CodeIgniter\Database\BaseConnection->query('SELECT `usuario...', Array, false)
#4 /var/www/html/system/Model.php(330): CodeIgniter\Database\BaseBuilder->get()
#5 /var/www/html/system/BaseModel.php(715): CodeIgniter\Model->doFirst()
#6 /var/www/html/app/Models/UsuariosModel.php(39): CodeIgniter\BaseModel->first()
#7 /var/www/html/app/Controllers/UsuariosController.php(141): App\Models\UsuariosModel->getUsuarios('10')
#8 /var/www/html/system/CodeIgniter.php(933): App\Controllers\UsuariosController->getPerfilUsuario('10')
#9 /var/www/html/system/CodeIgniter.php(507): CodeIgniter\CodeIgniter->runController(Object(App\Controllers\UsuariosController))
#10 /var/www/html/system/CodeIgniter.php(354): CodeIgniter\CodeIgniter->handleRequest(NULL, Object(Config\Cache), false)
#11 /var/www/html/system/Boot.php(363): CodeIgniter\CodeIgniter->run()
#12 /var/www/html/system/Boot.php(68): CodeIgniter\Boot::runCodeIgniter(Object(CodeIgniter\CodeIgniter))
#13 /var/www/html/public/index.php(63): CodeIgniter\Boot::bootWeb(Object(Config\Paths))
#14 {main}
CRITICAL - 2026-02-06 21:50:55 --> CodeIgniter\Database\Exceptions\DatabaseException: You have an error in your SQL syntax; check the manual that corresponds to your MySQL server version for the right syntax to use near '* SEPARATOR ", ") AS atributos_usuario
FROM `usuarios`
LEFT JOIN `carreras` ON `' at line 1
[Method: GET, Route: api/usuarios/perfil/10]
in SYSTEMPATH/Database/BaseConnection.php on line 684.
 1 SYSTEMPATH/Database/BaseBuilder.php(1649): CodeIgniter\Database\BaseConnection->query('SELECT `usuarios`.*, `carreras`.`nombre` AS `nombre_carrera`, `universidades`.`nombre` AS `nombre_universidad`, GROUP_CONCAT(atributos.* SEPARATOR ", ") AS atributos_usuario
FROM `usuarios`
LEFT JOIN `carreras` ON `carreras`.`id` = `usuarios`.`id_carrera`
LEFT JOIN `universidades` ON `universidades`.`id` = `usuarios`.`universidad_id`
LEFT JOIN `usuario_atributos` ON `usuario_atributos`.`usuario_id` = `usuarios`.`id`
LEFT JOIN `atributos` ON `atributos`.`id` = `usuario_atributos`.`atributo_id`
WHERE `usuarios`.`id` = :usuarios.id:
GROUP BY `usuarios`.`id`
ORDER BY `usuarios`.`id` ASC
 LIMIT 1', [...], false)
 2 SYSTEMPATH/Model.php(330): CodeIgniter\Database\BaseBuilder->get()
 3 SYSTEMPATH/BaseModel.php(715): CodeIgniter\Model->doFirst()
 4 APPPATH/Models/UsuariosModel.php(39): CodeIgniter\BaseModel->first()
 5 APPPATH/Controllers/UsuariosController.php(141): App\Models\UsuariosModel->getUsuarios('10')
 6 SYSTEMPATH/CodeIgniter.php(933): App\Controllers\UsuariosController->getPerfilUsuario('10')
 7 SYSTEMPATH/CodeIgniter.php(507): CodeIgniter\CodeIgniter->runController(Object(App\Controllers\UsuariosController))
 8 SYSTEMPATH/CodeIgniter.php(354): CodeIgniter\CodeIgniter->handleRequest(null, Object(Config\Cache), false)
 9 SYSTEMPATH/Boot.php(363): CodeIgniter\CodeIgniter->run()
10 SYSTEMPATH/Boot.php(68): CodeIgniter\Boot::runCodeIgniter(Object(CodeIgniter\CodeIgniter))
11 FCPATH/index.php(63): CodeIgniter\Boot::bootWeb(Object(Config\Paths))
CRITICAL - 2026-02-06 21:50:55 --> [Caused by] CodeIgniter\Database\Exceptions\DatabaseException: You have an error in your SQL syntax; check the manual that corresponds to your MySQL server version for the right syntax to use near '* SEPARATOR ", ") AS atributos_usuario
FROM `usuarios`
LEFT JOIN `carreras` ON `' at line 1
in SYSTEMPATH/Database/MySQLi/Connection.php on line 332.
 1 SYSTEMPATH/Database/BaseConnection.php(729): CodeIgniter\Database\MySQLi\Connection->execute('SELECT `usuarios`.*, `carreras`.`nombre` AS `nombre_carrera`, `universidades`.`nombre` AS `nombre_universidad`, GROUP_CONCAT(atributos.* SEPARATOR ", ") AS atributos_usuario
FROM `usuarios`
LEFT JOIN `carreras` ON `carreras`.`id` = `usuarios`.`id_carrera`
LEFT JOIN `universidades` ON `universidades`.`id` = `usuarios`.`universidad_id`
LEFT JOIN `usuario_atributos` ON `usuario_atributos`.`usuario_id` = `usuarios`.`id`
LEFT JOIN `atributos` ON `atributos`.`id` = `usuario_atributos`.`atributo_id`
WHERE `usuarios`.`id` = \'10\'
GROUP BY `usuarios`.`id`
ORDER BY `usuarios`.`id` ASC
 LIMIT 1')
 2 SYSTEMPATH/Database/BaseConnection.php(646): CodeIgniter\Database\BaseConnection->simpleQuery('SELECT `usuarios`.*, `carreras`.`nombre` AS `nombre_carrera`, `universidades`.`nombre` AS `nombre_universidad`, GROUP_CONCAT(atributos.* SEPARATOR ", ") AS atributos_usuario
FROM `usuarios`
LEFT JOIN `carreras` ON `carreras`.`id` = `usuarios`.`id_carrera`
LEFT JOIN `universidades` ON `universidades`.`id` = `usuarios`.`universidad_id`
LEFT JOIN `usuario_atributos` ON `usuario_atributos`.`usuario_id` = `usuarios`.`id`
LEFT JOIN `atributos` ON `atributos`.`id` = `usuario_atributos`.`atributo_id`
WHERE `usuarios`.`id` = \'10\'
GROUP BY `usuarios`.`id`
ORDER BY `usuarios`.`id` ASC
 LIMIT 1')
 3 SYSTEMPATH/Database/BaseBuilder.php(1649): CodeIgniter\Database\BaseConnection->query('SELECT `usuarios`.*, `carreras`.`nombre` AS `nombre_carrera`, `universidades`.`nombre` AS `nombre_universidad`, GROUP_CONCAT(atributos.* SEPARATOR ", ") AS atributos_usuario
FROM `usuarios`
LEFT JOIN `carreras` ON `carreras`.`id` = `usuarios`.`id_carrera`
LEFT JOIN `universidades` ON `universidades`.`id` = `usuarios`.`universidad_id`
LEFT JOIN `usuario_atributos` ON `usuario_atributos`.`usuario_id` = `usuarios`.`id`
LEFT JOIN `atributos` ON `atributos`.`id` = `usuario_atributos`.`atributo_id`
WHERE `usuarios`.`id` = :usuarios.id:
GROUP BY `usuarios`.`id`
ORDER BY `usuarios`.`id` ASC
 LIMIT 1', [...], false)
 4 SYSTEMPATH/Model.php(330): CodeIgniter\Database\BaseBuilder->get()
 5 SYSTEMPATH/BaseModel.php(715): CodeIgniter\Model->doFirst()
 6 APPPATH/Models/UsuariosModel.php(39): CodeIgniter\BaseModel->first()
 7 APPPATH/Controllers/UsuariosController.php(141): App\Models\UsuariosModel->getUsuarios('10')
 8 SYSTEMPATH/CodeIgniter.php(933): App\Controllers\UsuariosController->getPerfilUsuario('10')
 9 SYSTEMPATH/CodeIgniter.php(507): CodeIgniter\CodeIgniter->runController(Object(App\Controllers\UsuariosController))
10 SYSTEMPATH/CodeIgniter.php(354): CodeIgniter\CodeIgniter->handleRequest(null, Object(Config\Cache), false)
11 SYSTEMPATH/Boot.php(363): CodeIgniter\CodeIgniter->run()
12 SYSTEMPATH/Boot.php(68): CodeIgniter\Boot::runCodeIgniter(Object(CodeIgniter\CodeIgniter))
13 FCPATH/index.php(63): CodeIgniter\Boot::bootWeb(Object(Config\Paths))
CRITICAL - 2026-02-06 21:50:55 --> [Caused by] mysqli_sql_exception: You have an error in your SQL syntax; check the manual that corresponds to your MySQL server version for the right syntax to use near '* SEPARATOR ", ") AS atributos_usuario
FROM `usuarios`
LEFT JOIN `carreras` ON `' at line 1
in SYSTEMPATH/Database/MySQLi/Connection.php on line 327.
 1 SYSTEMPATH/Database/MySQLi/Connection.php(327): mysqli->query('SELECT `usuarios`.*, `carreras`.`nombre` AS `nombre_carrera`, `universidades`.`nombre` AS `nombre_universidad`, GROUP_CONCAT(atributos.* SEPARATOR ", ") AS atributos_usuario
FROM `usuarios`
LEFT JOIN `carreras` ON `carreras`.`id` = `usuarios`.`id_carrera`
LEFT JOIN `universidades` ON `universidades`.`id` = `usuarios`.`universidad_id`
LEFT JOIN `usuario_atributos` ON `usuario_atributos`.`usuario_id` = `usuarios`.`id`
LEFT JOIN `atributos` ON `atributos`.`id` = `usuario_atributos`.`atributo_id`
WHERE `usuarios`.`id` = \'10\'
GROUP BY `usuarios`.`id`
ORDER BY `usuarios`.`id` ASC
 LIMIT 1', 0)
 2 SYSTEMPATH/Database/BaseConnection.php(729): CodeIgniter\Database\MySQLi\Connection->execute('SELECT `usuarios`.*, `carreras`.`nombre` AS `nombre_carrera`, `universidades`.`nombre` AS `nombre_universidad`, GROUP_CONCAT(atributos.* SEPARATOR ", ") AS atributos_usuario
FROM `usuarios`
LEFT JOIN `carreras` ON `carreras`.`id` = `usuarios`.`id_carrera`
LEFT JOIN `universidades` ON `universidades`.`id` = `usuarios`.`universidad_id`
LEFT JOIN `usuario_atributos` ON `usuario_atributos`.`usuario_id` = `usuarios`.`id`
LEFT JOIN `atributos` ON `atributos`.`id` = `usuario_atributos`.`atributo_id`
WHERE `usuarios`.`id` = \'10\'
GROUP BY `usuarios`.`id`
ORDER BY `usuarios`.`id` ASC
 LIMIT 1')
 3 SYSTEMPATH/Database/BaseConnection.php(646): CodeIgniter\Database\BaseConnection->simpleQuery('SELECT `usuarios`.*, `carreras`.`nombre` AS `nombre_carrera`, `universidades`.`nombre` AS `nombre_universidad`, GROUP_CONCAT(atributos.* SEPARATOR ", ") AS atributos_usuario
FROM `usuarios`
LEFT JOIN `carreras` ON `carreras`.`id` = `usuarios`.`id_carrera`
LEFT JOIN `universidades` ON `universidades`.`id` = `usuarios`.`universidad_id`
LEFT JOIN `usuario_atributos` ON `usuario_atributos`.`usuario_id` = `usuarios`.`id`
LEFT JOIN `atributos` ON `atributos`.`id` = `usuario_atributos`.`atributo_id`
WHERE `usuarios`.`id` = \'10\'
GROUP BY `usuarios`.`id`
ORDER BY `usuarios`.`id` ASC
 LIMIT 1')
 4 SYSTEMPATH/Database/BaseBuilder.php(1649): CodeIgniter\Database\BaseConnection->query('SELECT `usuarios`.*, `carreras`.`nombre` AS `nombre_carrera`, `universidades`.`nombre` AS `nombre_universidad`, GROUP_CONCAT(atributos.* SEPARATOR ", ") AS atributos_usuario
FROM `usuarios`
LEFT JOIN `carreras` ON `carreras`.`id` = `usuarios`.`id_carrera`
LEFT JOIN `universidades` ON `universidades`.`id` = `usuarios`.`universidad_id`
LEFT JOIN `usuario_atributos` ON `usuario_atributos`.`usuario_id` = `usuarios`.`id`
LEFT JOIN `atributos` ON `atributos`.`id` = `usuario_atributos`.`atributo_id`
WHERE `usuarios`.`id` = :usuarios.id:
GROUP BY `usuarios`.`id`
ORDER BY `usuarios`.`id` ASC
 LIMIT 1', [...], false)
 5 SYSTEMPATH/Model.php(330): CodeIgniter\Database\BaseBuilder->get()
 6 SYSTEMPATH/BaseModel.php(715): CodeIgniter\Model->doFirst()
 7 APPPATH/Models/UsuariosModel.php(39): CodeIgniter\BaseModel->first()
 8 APPPATH/Controllers/UsuariosController.php(141): App\Models\UsuariosModel->getUsuarios('10')
 9 SYSTEMPATH/CodeIgniter.php(933): App\Controllers\UsuariosController->getPerfilUsuario('10')
10 SYSTEMPATH/CodeIgniter.php(507): CodeIgniter\CodeIgniter->runController(Object(App\Controllers\UsuariosController))
11 SYSTEMPATH/CodeIgniter.php(354): CodeIgniter\CodeIgniter->handleRequest(null, Object(Config\Cache), false)
12 SYSTEMPATH/Boot.php(363): CodeIgniter\CodeIgniter->run()
13 SYSTEMPATH/Boot.php(68): CodeIgniter\Boot::runCodeIgniter(Object(CodeIgniter\CodeIgniter))
14 FCPATH/index.php(63): CodeIgniter\Boot::bootWeb(Object(Config\Paths))
ERROR - 2026-02-06 21:50:58 --> mysqli_sql_exception: You have an error in your SQL syntax; check the manual that corresponds to your MySQL server version for the right syntax to use near '* SEPARATOR ", ") AS atributos_usuario
FROM `usuarios`
LEFT JOIN `carreras` ON `' at line 1 in /var/www/html/system/Database/MySQLi/Connection.php:327
Stack trace:
#0 /var/www/html/system/Database/MySQLi/Connection.php(327): mysqli->query('SELECT `usuario...', 0)
#1 /var/www/html/system/Database/BaseConnection.php(729): CodeIgniter\Database\MySQLi\Connection->execute('SELECT `usuario...')
#2 /var/www/html/system/Database/BaseConnection.php(646): CodeIgniter\Database\BaseConnection->simpleQuery('SELECT `usuario...')
#3 /var/www/html/system/Database/BaseBuilder.php(1649): CodeIgniter\Database\BaseConnection->query('SELECT `usuario...', Array, false)
#4 /var/www/html/system/Model.php(330): CodeIgniter\Database\BaseBuilder->get()
#5 /var/www/html/system/BaseModel.php(715): CodeIgniter\Model->doFirst()
#6 /var/www/html/app/Models/UsuariosModel.php(39): CodeIgniter\BaseModel->first()
#7 /var/www/html/app/Controllers/UsuariosController.php(141): App\Models\UsuariosModel->getUsuarios('10')
#8 /var/www/html/system/CodeIgniter.php(933): App\Controllers\UsuariosController->getPerfilUsuario('10')
#9 /var/www/html/system/CodeIgniter.php(507): CodeIgniter\CodeIgniter->runController(Object(App\Controllers\UsuariosController))
#10 /var/www/html/system/CodeIgniter.php(354): CodeIgniter\CodeIgniter->handleRequest(NULL, Object(Config\Cache), false)
#11 /var/www/html/system/Boot.php(363): CodeIgniter\CodeIgniter->run()
#12 /var/www/html/system/Boot.php(68): CodeIgniter\Boot::runCodeIgniter(Object(CodeIgniter\CodeIgniter))
#13 /var/www/html/public/index.php(63): CodeIgniter\Boot::bootWeb(Object(Config\Paths))
#14 {main}
CRITICAL - 2026-02-06 21:50:58 --> CodeIgniter\Database\Exceptions\DatabaseException: You have an error in your SQL syntax; check the manual that corresponds to your MySQL server version for the right syntax to use near '* SEPARATOR ", ") AS atributos_usuario
FROM `usuarios`
LEFT JOIN `carreras` ON `' at line 1
[Method: GET, Route: api/usuarios/perfil/10]
in SYSTEMPATH/Database/BaseConnection.php on line 684.
 1 SYSTEMPATH/Database/BaseBuilder.php(1649): CodeIgniter\Database\BaseConnection->query('SELECT `usuarios`.*, `carreras`.`nombre` AS `nombre_carrera`, `universidades`.`nombre` AS `nombre_universidad`, GROUP_CONCAT(atributos.* SEPARATOR ", ") AS atributos_usuario
FROM `usuarios`
LEFT JOIN `carreras` ON `carreras`.`id` = `usuarios`.`id_carrera`
LEFT JOIN `universidades` ON `universidades`.`id` = `usuarios`.`universidad_id`
LEFT JOIN `usuario_atributos` ON `usuario_atributos`.`usuario_id` = `usuarios`.`id`
LEFT JOIN `atributos` ON `atributos`.`id` = `usuario_atributos`.`atributo_id`
WHERE `usuarios`.`id` = :usuarios.id:
GROUP BY `usuarios`.`id`
ORDER BY `usuarios`.`id` ASC
 LIMIT 1', [...], false)
 2 SYSTEMPATH/Model.php(330): CodeIgniter\Database\BaseBuilder->get()
 3 SYSTEMPATH/BaseModel.php(715): CodeIgniter\Model->doFirst()
 4 APPPATH/Models/UsuariosModel.php(39): CodeIgniter\BaseModel->first()
 5 APPPATH/Controllers/UsuariosController.php(141): App\Models\UsuariosModel->getUsuarios('10')
 6 SYSTEMPATH/CodeIgniter.php(933): App\Controllers\UsuariosController->getPerfilUsuario('10')
 7 SYSTEMPATH/CodeIgniter.php(507): CodeIgniter\CodeIgniter->runController(Object(App\Controllers\UsuariosController))
 8 SYSTEMPATH/CodeIgniter.php(354): CodeIgniter\CodeIgniter->handleRequest(null, Object(Config\Cache), false)
 9 SYSTEMPATH/Boot.php(363): CodeIgniter\CodeIgniter->run()
10 SYSTEMPATH/Boot.php(68): CodeIgniter\Boot::runCodeIgniter(Object(CodeIgniter\CodeIgniter))
11 FCPATH/index.php(63): CodeIgniter\Boot::bootWeb(Object(Config\Paths))
CRITICAL - 2026-02-06 21:50:58 --> [Caused by] CodeIgniter\Database\Exceptions\DatabaseException: You have an error in your SQL syntax; check the manual that corresponds to your MySQL server version for the right syntax to use near '* SEPARATOR ", ") AS atributos_usuario
FROM `usuarios`
LEFT JOIN `carreras` ON `' at line 1
in SYSTEMPATH/Database/MySQLi/Connection.php on line 332.
 1 SYSTEMPATH/Database/BaseConnection.php(729): CodeIgniter\Database\MySQLi\Connection->execute('SELECT `usuarios`.*, `carreras`.`nombre` AS `nombre_carrera`, `universidades`.`nombre` AS `nombre_universidad`, GROUP_CONCAT(atributos.* SEPARATOR ", ") AS atributos_usuario
FROM `usuarios`
LEFT JOIN `carreras` ON `carreras`.`id` = `usuarios`.`id_carrera`
LEFT JOIN `universidades` ON `universidades`.`id` = `usuarios`.`universidad_id`
LEFT JOIN `usuario_atributos` ON `usuario_atributos`.`usuario_id` = `usuarios`.`id`
LEFT JOIN `atributos` ON `atributos`.`id` = `usuario_atributos`.`atributo_id`
WHERE `usuarios`.`id` = \'10\'
GROUP BY `usuarios`.`id`
ORDER BY `usuarios`.`id` ASC
 LIMIT 1')
 2 SYSTEMPATH/Database/BaseConnection.php(646): CodeIgniter\Database\BaseConnection->simpleQuery('SELECT `usuarios`.*, `carreras`.`nombre` AS `nombre_carrera`, `universidades`.`nombre` AS `nombre_universidad`, GROUP_CONCAT(atributos.* SEPARATOR ", ") AS atributos_usuario
FROM `usuarios`
LEFT JOIN `carreras` ON `carreras`.`id` = `usuarios`.`id_carrera`
LEFT JOIN `universidades` ON `universidades`.`id` = `usuarios`.`universidad_id`
LEFT JOIN `usuario_atributos` ON `usuario_atributos`.`usuario_id` = `usuarios`.`id`
LEFT JOIN `atributos` ON `atributos`.`id` = `usuario_atributos`.`atributo_id`
WHERE `usuarios`.`id` = \'10\'
GROUP BY `usuarios`.`id`
ORDER BY `usuarios`.`id` ASC
 LIMIT 1')
 3 SYSTEMPATH/Database/BaseBuilder.php(1649): CodeIgniter\Database\BaseConnection->query('SELECT `usuarios`.*, `carreras`.`nombre` AS `nombre_carrera`, `universidades`.`nombre` AS `nombre_universidad`, GROUP_CONCAT(atributos.* SEPARATOR ", ") AS atributos_usuario
FROM `usuarios`
LEFT JOIN `carreras` ON `carreras`.`id` = `usuarios`.`id_carrera`
LEFT JOIN `universidades` ON `universidades`.`id` = `usuarios`.`universidad_id`
LEFT JOIN `usuario_atributos` ON `usuario_atributos`.`usuario_id` = `usuarios`.`id`
LEFT JOIN `atributos` ON `atributos`.`id` = `usuario_atributos`.`atributo_id`
WHERE `usuarios`.`id` = :usuarios.id:
GROUP BY `usuarios`.`id`
ORDER BY `usuarios`.`id` ASC
 LIMIT 1', [...], false)
 4 SYSTEMPATH/Model.php(330): CodeIgniter\Database\BaseBuilder->get()
 5 SYSTEMPATH/BaseModel.php(715): CodeIgniter\Model->doFirst()
 6 APPPATH/Models/UsuariosModel.php(39): CodeIgniter\BaseModel->first()
 7 APPPATH/Controllers/UsuariosController.php(141): App\Models\UsuariosModel->getUsuarios('10')
 8 SYSTEMPATH/CodeIgniter.php(933): App\Controllers\UsuariosController->getPerfilUsuario('10')
 9 SYSTEMPATH/CodeIgniter.php(507): CodeIgniter\CodeIgniter->runController(Object(App\Controllers\UsuariosController))
10 SYSTEMPATH/CodeIgniter.php(354): CodeIgniter\CodeIgniter->handleRequest(null, Object(Config\Cache), false)
11 SYSTEMPATH/Boot.php(363): CodeIgniter\CodeIgniter->run()
12 SYSTEMPATH/Boot.php(68): CodeIgniter\Boot::runCodeIgniter(Object(CodeIgniter\CodeIgniter))
13 FCPATH/index.php(63): CodeIgniter\Boot::bootWeb(Object(Config\Paths))
CRITICAL - 2026-02-06 21:50:58 --> [Caused by] mysqli_sql_exception: You have an error in your SQL syntax; check the manual that corresponds to your MySQL server version for the right syntax to use near '* SEPARATOR ", ") AS atributos_usuario
FROM `usuarios`
LEFT JOIN `carreras` ON `' at line 1
in SYSTEMPATH/Database/MySQLi/Connection.php on line 327.
 1 SYSTEMPATH/Database/MySQLi/Connection.php(327): mysqli->query('SELECT `usuarios`.*, `carreras`.`nombre` AS `nombre_carrera`, `universidades`.`nombre` AS `nombre_universidad`, GROUP_CONCAT(atributos.* SEPARATOR ", ") AS atributos_usuario
FROM `usuarios`
LEFT JOIN `carreras` ON `carreras`.`id` = `usuarios`.`id_carrera`
LEFT JOIN `universidades` ON `universidades`.`id` = `usuarios`.`universidad_id`
LEFT JOIN `usuario_atributos` ON `usuario_atributos`.`usuario_id` = `usuarios`.`id`
LEFT JOIN `atributos` ON `atributos`.`id` = `usuario_atributos`.`atributo_id`
WHERE `usuarios`.`id` = \'10\'
GROUP BY `usuarios`.`id`
ORDER BY `usuarios`.`id` ASC
 LIMIT 1', 0)
 2 SYSTEMPATH/Database/BaseConnection.php(729): CodeIgniter\Database\MySQLi\Connection->execute('SELECT `usuarios`.*, `carreras`.`nombre` AS `nombre_carrera`, `universidades`.`nombre` AS `nombre_universidad`, GROUP_CONCAT(atributos.* SEPARATOR ", ") AS atributos_usuario
FROM `usuarios`
LEFT JOIN `carreras` ON `carreras`.`id` = `usuarios`.`id_carrera`
LEFT JOIN `universidades` ON `universidades`.`id` = `usuarios`.`universidad_id`
LEFT JOIN `usuario_atributos` ON `usuario_atributos`.`usuario_id` = `usuarios`.`id`
LEFT JOIN `atributos` ON `atributos`.`id` = `usuario_atributos`.`atributo_id`
WHERE `usuarios`.`id` = \'10\'
GROUP BY `usuarios`.`id`
ORDER BY `usuarios`.`id` ASC
 LIMIT 1')
 3 SYSTEMPATH/Database/BaseConnection.php(646): CodeIgniter\Database\BaseConnection->simpleQuery('SELECT `usuarios`.*, `carreras`.`nombre` AS `nombre_carrera`, `universidades`.`nombre` AS `nombre_universidad`, GROUP_CONCAT(atributos.* SEPARATOR ", ") AS atributos_usuario
FROM `usuarios`
LEFT JOIN `carreras` ON `carreras`.`id` = `usuarios`.`id_carrera`
LEFT JOIN `universidades` ON `universidades`.`id` = `usuarios`.`universidad_id`
LEFT JOIN `usuario_atributos` ON `usuario_atributos`.`usuario_id` = `usuarios`.`id`
LEFT JOIN `atributos` ON `atributos`.`id` = `usuario_atributos`.`atributo_id`
WHERE `usuarios`.`id` = \'10\'
GROUP BY `usuarios`.`id`
ORDER BY `usuarios`.`id` ASC
 LIMIT 1')
 4 SYSTEMPATH/Database/BaseBuilder.php(1649): CodeIgniter\Database\BaseConnection->query('SELECT `usuarios`.*, `carreras`.`nombre` AS `nombre_carrera`, `universidades`.`nombre` AS `nombre_universidad`, GROUP_CONCAT(atributos.* SEPARATOR ", ") AS atributos_usuario
FROM `usuarios`
LEFT JOIN `carreras` ON `carreras`.`id` = `usuarios`.`id_carrera`
LEFT JOIN `universidades` ON `universidades`.`id` = `usuarios`.`universidad_id`
LEFT JOIN `usuario_atributos` ON `usuario_atributos`.`usuario_id` = `usuarios`.`id`
LEFT JOIN `atributos` ON `atributos`.`id` = `usuario_atributos`.`atributo_id`
WHERE `usuarios`.`id` = :usuarios.id:
GROUP BY `usuarios`.`id`
ORDER BY `usuarios`.`id` ASC
 LIMIT 1', [...], false)
 5 SYSTEMPATH/Model.php(330): CodeIgniter\Database\BaseBuilder->get()
 6 SYSTEMPATH/BaseModel.php(715): CodeIgniter\Model->doFirst()
 7 APPPATH/Models/UsuariosModel.php(39): CodeIgniter\BaseModel->first()
 8 APPPATH/Controllers/UsuariosController.php(141): App\Models\UsuariosModel->getUsuarios('10')
 9 SYSTEMPATH/CodeIgniter.php(933): App\Controllers\UsuariosController->getPerfilUsuario('10')
10 SYSTEMPATH/CodeIgniter.php(507): CodeIgniter\CodeIgniter->runController(Object(App\Controllers\UsuariosController))
11 SYSTEMPATH/CodeIgniter.php(354): CodeIgniter\CodeIgniter->handleRequest(null, Object(Config\Cache), false)
12 SYSTEMPATH/Boot.php(363): CodeIgniter\CodeIgniter->run()
13 SYSTEMPATH/Boot.php(68): CodeIgniter\Boot::runCodeIgniter(Object(CodeIgniter\CodeIgniter))
14 FCPATH/index.php(63): CodeIgniter\Boot::bootWeb(Object(Config\Paths))
