CRITICAL - 2026-02-04 12:30:06 --> CodeIgniter\Exceptions\BadMethodCallException: Call to undefined method App\Models\UniversidadesModel::getCarreras
[Method: GET, Route: api/carreras]
in SYSTEMPATH/Model.php on line 927.
 1 APPPATH/Controllers/UniversidadesController.php(36): CodeIgniter\Model->__call()
 2 SYSTEMPATH/CodeIgniter.php(933): App\Controllers\UniversidadesController->carrerasLista()
 3 SYSTEMPATH/CodeIgniter.php(507): CodeIgniter\CodeIgniter->runController()
 4 SYSTEMPATH/CodeIgniter.php(354): CodeIgniter\CodeIgniter->handleRequest()
 5 SYSTEMPATH/Boot.php(363): CodeIgniter\CodeIgniter->run()
 6 SYSTEMPATH/Boot.php(68): CodeIgniter\Boot::runCodeIgniter()
 7 FCPATH/index.php(63): CodeIgniter\Boot::bootWeb()
CRITICAL - 2026-02-04 12:30:58 --> CodeIgniter\Exceptions\BadMethodCallException: Call to undefined method App\Models\UniversidadesModel::getCarreras
[Method: GET, Route: api/carreras]
in SYSTEMPATH/Model.php on line 927.
 1 APPPATH/Controllers/UniversidadesController.php(36): CodeIgniter\Model->__call()
 2 SYSTEMPATH/CodeIgniter.php(933): App\Controllers\UniversidadesController->carrerasLista()
 3 SYSTEMPATH/CodeIgniter.php(507): CodeIgniter\CodeIgniter->runController()
 4 SYSTEMPATH/CodeIgniter.php(354): CodeIgniter\CodeIgniter->handleRequest()
 5 SYSTEMPATH/Boot.php(363): CodeIgniter\CodeIgniter->run()
 6 SYSTEMPATH/Boot.php(68): CodeIgniter\Boot::runCodeIgniter()
 7 FCPATH/index.php(63): CodeIgniter\Boot::bootWeb()
CRITICAL - 2026-02-04 12:31:26 --> Error: Object of class App\Models\CarrerasModel could not be converted to string
[Method: GET, Route: api/carreras]
in APPPATH/Controllers/UniversidadesController.php on line 36.
 1 SYSTEMPATH/CodeIgniter.php(933): App\Controllers\UniversidadesController->carrerasLista()
 2 SYSTEMPATH/CodeIgniter.php(507): CodeIgniter\CodeIgniter->runController()
 3 SYSTEMPATH/CodeIgniter.php(354): CodeIgniter\CodeIgniter->handleRequest()
 4 SYSTEMPATH/Boot.php(363): CodeIgniter\CodeIgniter->run()
 5 SYSTEMPATH/Boot.php(68): CodeIgniter\Boot::runCodeIgniter()
 6 FCPATH/index.php(63): CodeIgniter\Boot::bootWeb()
CRITICAL - 2026-02-04 12:31:27 --> Error: Object of class App\Models\CarrerasModel could not be converted to string
[Method: GET, Route: api/carreras]
in APPPATH/Controllers/UniversidadesController.php on line 36.
 1 SYSTEMPATH/CodeIgniter.php(933): App\Controllers\UniversidadesController->carrerasLista()
 2 SYSTEMPATH/CodeIgniter.php(507): CodeIgniter\CodeIgniter->runController()
 3 SYSTEMPATH/CodeIgniter.php(354): CodeIgniter\CodeIgniter->handleRequest()
 4 SYSTEMPATH/Boot.php(363): CodeIgniter\CodeIgniter->run()
 5 SYSTEMPATH/Boot.php(68): CodeIgniter\Boot::runCodeIgniter()
 6 FCPATH/index.php(63): CodeIgniter\Boot::bootWeb()
