ERROR - 2026-02-08 09:47:44 --> mysqli_sql_exception: Duplicate entry '10-4' for key 'solicitudes.unique_solicitud' in /var/www/html/system/Database/MySQLi/Connection.php:327
Stack trace:
#0 /var/www/html/system/Database/MySQLi/Connection.php(327): mysqli->query('INSERT INTO `so...', 0)
#1 /var/www/html/system/Database/BaseConnection.php(729): CodeIgniter\Database\MySQLi\Connection->execute('INSERT INTO `so...')
#2 /var/www/html/system/Database/BaseConnection.php(646): CodeIgniter\Database\BaseConnection->simpleQuery('INSERT INTO `so...')
#3 /var/www/html/system/Database/BaseBuilder.php(2345): CodeIgniter\Database\BaseConnection->query('INSERT INTO `so...', Array, false)
#4 /var/www/html/system/Model.php(394): CodeIgniter\Database\BaseBuilder->insert()
#5 /var/www/html/system/BaseModel.php(838): CodeIgniter\Model->doInsert(Array)
#6 /var/www/html/system/Model.php(797): CodeIgniter\BaseModel->insert(Array, true)
#7 /var/www/html/app/Controllers/InmueblesController.php(115): CodeIgniter\Model->insert(Array)
#8 /var/www/html/system/CodeIgniter.php(933): App\Controllers\InmueblesController->postSolicitud()
#9 /var/www/html/system/CodeIgniter.php(507): CodeIgniter\CodeIgniter->runController(Object(App\Controllers\InmueblesController))
#10 /var/www/html/system/CodeIgniter.php(354): CodeIgniter\CodeIgniter->handleRequest(NULL, Object(Config\Cache), false)
#11 /var/www/html/system/Boot.php(363): CodeIgniter\CodeIgniter->run()
#12 /var/www/html/system/Boot.php(68): CodeIgniter\Boot::runCodeIgniter(Object(CodeIgniter\CodeIgniter))
#13 /var/www/html/public/index.php(63): CodeIgniter\Boot::bootWeb(Object(Config\Paths))
#14 {main}
CRITICAL - 2026-02-08 09:47:44 --> CodeIgniter\Database\Exceptions\DatabaseException: Duplicate entry '10-4' for key 'solicitudes.unique_solicitud'
[Method: POST, Route: api/inmuebles/postSolicitud]
in SYSTEMPATH/Database/BaseConnection.php on line 684.
 1 SYSTEMPATH/Database/BaseBuilder.php(2345): CodeIgniter\Database\BaseConnection->query('INSERT INTO `solicitudes` (`estudiante_id`, `inmueble_id`) VALUES (:estudiante_id:, :inmueble_id:)', [...], false)
 2 SYSTEMPATH/Model.php(394): CodeIgniter\Database\BaseBuilder->insert()
 3 SYSTEMPATH/BaseModel.php(838): CodeIgniter\Model->doInsert([...])
 4 SYSTEMPATH/Model.php(797): CodeIgniter\BaseModel->insert([...], true)
 5 APPPATH/Controllers/InmueblesController.php(115): CodeIgniter\Model->insert([...])
 6 SYSTEMPATH/CodeIgniter.php(933): App\Controllers\InmueblesController->postSolicitud()
 7 SYSTEMPATH/CodeIgniter.php(507): CodeIgniter\CodeIgniter->runController(Object(App\Controllers\InmueblesController))
 8 SYSTEMPATH/CodeIgniter.php(354): CodeIgniter\CodeIgniter->handleRequest(null, Object(Config\Cache), false)
 9 SYSTEMPATH/Boot.php(363): CodeIgniter\CodeIgniter->run()
10 SYSTEMPATH/Boot.php(68): CodeIgniter\Boot::runCodeIgniter(Object(CodeIgniter\CodeIgniter))
11 FCPATH/index.php(63): CodeIgniter\Boot::bootWeb(Object(Config\Paths))
CRITICAL - 2026-02-08 09:47:44 --> [Caused by] CodeIgniter\Database\Exceptions\DatabaseException: Duplicate entry '10-4' for key 'solicitudes.unique_solicitud'
in SYSTEMPATH/Database/MySQLi/Connection.php on line 332.
 1 SYSTEMPATH/Database/BaseConnection.php(729): CodeIgniter\Database\MySQLi\Connection->execute('INSERT INTO `solicitudes` (`estudiante_id`, `inmueble_id`) VALUES (\'10\', \'4\')')
 2 SYSTEMPATH/Database/BaseConnection.php(646): CodeIgniter\Database\BaseConnection->simpleQuery('INSERT INTO `solicitudes` (`estudiante_id`, `inmueble_id`) VALUES (\'10\', \'4\')')
 3 SYSTEMPATH/Database/BaseBuilder.php(2345): CodeIgniter\Database\BaseConnection->query('INSERT INTO `solicitudes` (`estudiante_id`, `inmueble_id`) VALUES (:estudiante_id:, :inmueble_id:)', [...], false)
 4 SYSTEMPATH/Model.php(394): CodeIgniter\Database\BaseBuilder->insert()
 5 SYSTEMPATH/BaseModel.php(838): CodeIgniter\Model->doInsert([...])
 6 SYSTEMPATH/Model.php(797): CodeIgniter\BaseModel->insert([...], true)
 7 APPPATH/Controllers/InmueblesController.php(115): CodeIgniter\Model->insert([...])
 8 SYSTEMPATH/CodeIgniter.php(933): App\Controllers\InmueblesController->postSolicitud()
 9 SYSTEMPATH/CodeIgniter.php(507): CodeIgniter\CodeIgniter->runController(Object(App\Controllers\InmueblesController))
10 SYSTEMPATH/CodeIgniter.php(354): CodeIgniter\CodeIgniter->handleRequest(null, Object(Config\Cache), false)
11 SYSTEMPATH/Boot.php(363): CodeIgniter\CodeIgniter->run()
12 SYSTEMPATH/Boot.php(68): CodeIgniter\Boot::runCodeIgniter(Object(CodeIgniter\CodeIgniter))
13 FCPATH/index.php(63): CodeIgniter\Boot::bootWeb(Object(Config\Paths))
CRITICAL - 2026-02-08 09:47:45 --> [Caused by] mysqli_sql_exception: Duplicate entry '10-4' for key 'solicitudes.unique_solicitud'
in SYSTEMPATH/Database/MySQLi/Connection.php on line 327.
 1 SYSTEMPATH/Database/MySQLi/Connection.php(327): mysqli->query('INSERT INTO `solicitudes` (`estudiante_id`, `inmueble_id`) VALUES (\'10\', \'4\')', 0)
 2 SYSTEMPATH/Database/BaseConnection.php(729): CodeIgniter\Database\MySQLi\Connection->execute('INSERT INTO `solicitudes` (`estudiante_id`, `inmueble_id`) VALUES (\'10\', \'4\')')
 3 SYSTEMPATH/Database/BaseConnection.php(646): CodeIgniter\Database\BaseConnection->simpleQuery('INSERT INTO `solicitudes` (`estudiante_id`, `inmueble_id`) VALUES (\'10\', \'4\')')
 4 SYSTEMPATH/Database/BaseBuilder.php(2345): CodeIgniter\Database\BaseConnection->query('INSERT INTO `solicitudes` (`estudiante_id`, `inmueble_id`) VALUES (:estudiante_id:, :inmueble_id:)', [...], false)
 5 SYSTEMPATH/Model.php(394): CodeIgniter\Database\BaseBuilder->insert()
 6 SYSTEMPATH/BaseModel.php(838): CodeIgniter\Model->doInsert([...])
 7 SYSTEMPATH/Model.php(797): CodeIgniter\BaseModel->insert([...], true)
 8 APPPATH/Controllers/InmueblesController.php(115): CodeIgniter\Model->insert([...])
 9 SYSTEMPATH/CodeIgniter.php(933): App\Controllers\InmueblesController->postSolicitud()
10 SYSTEMPATH/CodeIgniter.php(507): CodeIgniter\CodeIgniter->runController(Object(App\Controllers\InmueblesController))
11 SYSTEMPATH/CodeIgniter.php(354): CodeIgniter\CodeIgniter->handleRequest(null, Object(Config\Cache), false)
12 SYSTEMPATH/Boot.php(363): CodeIgniter\CodeIgniter->run()
13 SYSTEMPATH/Boot.php(68): CodeIgniter\Boot::runCodeIgniter(Object(CodeIgniter\CodeIgniter))
14 FCPATH/index.php(63): CodeIgniter\Boot::bootWeb(Object(Config\Paths))
ERROR - 2026-02-08 09:47:55 --> mysqli_sql_exception: Duplicate entry '10-13' for key 'solicitudes.unique_solicitud' in /var/www/html/system/Database/MySQLi/Connection.php:327
Stack trace:
#0 /var/www/html/system/Database/MySQLi/Connection.php(327): mysqli->query('INSERT INTO `so...', 0)
#1 /var/www/html/system/Database/BaseConnection.php(729): CodeIgniter\Database\MySQLi\Connection->execute('INSERT INTO `so...')
#2 /var/www/html/system/Database/BaseConnection.php(646): CodeIgniter\Database\BaseConnection->simpleQuery('INSERT INTO `so...')
#3 /var/www/html/system/Database/BaseBuilder.php(2345): CodeIgniter\Database\BaseConnection->query('INSERT INTO `so...', Array, false)
#4 /var/www/html/system/Model.php(394): CodeIgniter\Database\BaseBuilder->insert()
#5 /var/www/html/system/BaseModel.php(838): CodeIgniter\Model->doInsert(Array)
#6 /var/www/html/system/Model.php(797): CodeIgniter\BaseModel->insert(Array, true)
#7 /var/www/html/app/Controllers/InmueblesController.php(115): CodeIgniter\Model->insert(Array)
#8 /var/www/html/system/CodeIgniter.php(933): App\Controllers\InmueblesController->postSolicitud()
#9 /var/www/html/system/CodeIgniter.php(507): CodeIgniter\CodeIgniter->runController(Object(App\Controllers\InmueblesController))
#10 /var/www/html/system/CodeIgniter.php(354): CodeIgniter\CodeIgniter->handleRequest(NULL, Object(Config\Cache), false)
#11 /var/www/html/system/Boot.php(363): CodeIgniter\CodeIgniter->run()
#12 /var/www/html/system/Boot.php(68): CodeIgniter\Boot::runCodeIgniter(Object(CodeIgniter\CodeIgniter))
#13 /var/www/html/public/index.php(63): CodeIgniter\Boot::bootWeb(Object(Config\Paths))
#14 {main}
CRITICAL - 2026-02-08 09:47:55 --> CodeIgniter\Database\Exceptions\DatabaseException: Duplicate entry '10-13' for key 'solicitudes.unique_solicitud'
[Method: POST, Route: api/inmuebles/postSolicitud]
in SYSTEMPATH/Database/BaseConnection.php on line 684.
 1 SYSTEMPATH/Database/BaseBuilder.php(2345): CodeIgniter\Database\BaseConnection->query('INSERT INTO `solicitudes` (`estudiante_id`, `inmueble_id`) VALUES (:estudiante_id:, :inmueble_id:)', [...], false)
 2 SYSTEMPATH/Model.php(394): CodeIgniter\Database\BaseBuilder->insert()
 3 SYSTEMPATH/BaseModel.php(838): CodeIgniter\Model->doInsert([...])
 4 SYSTEMPATH/Model.php(797): CodeIgniter\BaseModel->insert([...], true)
 5 APPPATH/Controllers/InmueblesController.php(115): CodeIgniter\Model->insert([...])
 6 SYSTEMPATH/CodeIgniter.php(933): App\Controllers\InmueblesController->postSolicitud()
 7 SYSTEMPATH/CodeIgniter.php(507): CodeIgniter\CodeIgniter->runController(Object(App\Controllers\InmueblesController))
 8 SYSTEMPATH/CodeIgniter.php(354): CodeIgniter\CodeIgniter->handleRequest(null, Object(Config\Cache), false)
 9 SYSTEMPATH/Boot.php(363): CodeIgniter\CodeIgniter->run()
10 SYSTEMPATH/Boot.php(68): CodeIgniter\Boot::runCodeIgniter(Object(CodeIgniter\CodeIgniter))
11 FCPATH/index.php(63): CodeIgniter\Boot::bootWeb(Object(Config\Paths))
CRITICAL - 2026-02-08 09:47:55 --> [Caused by] CodeIgniter\Database\Exceptions\DatabaseException: Duplicate entry '10-13' for key 'solicitudes.unique_solicitud'
in SYSTEMPATH/Database/MySQLi/Connection.php on line 332.
 1 SYSTEMPATH/Database/BaseConnection.php(729): CodeIgniter\Database\MySQLi\Connection->execute('INSERT INTO `solicitudes` (`estudiante_id`, `inmueble_id`) VALUES (\'10\', \'13\')')
 2 SYSTEMPATH/Database/BaseConnection.php(646): CodeIgniter\Database\BaseConnection->simpleQuery('INSERT INTO `solicitudes` (`estudiante_id`, `inmueble_id`) VALUES (\'10\', \'13\')')
 3 SYSTEMPATH/Database/BaseBuilder.php(2345): CodeIgniter\Database\BaseConnection->query('INSERT INTO `solicitudes` (`estudiante_id`, `inmueble_id`) VALUES (:estudiante_id:, :inmueble_id:)', [...], false)
 4 SYSTEMPATH/Model.php(394): CodeIgniter\Database\BaseBuilder->insert()
 5 SYSTEMPATH/BaseModel.php(838): CodeIgniter\Model->doInsert([...])
 6 SYSTEMPATH/Model.php(797): CodeIgniter\BaseModel->insert([...], true)
 7 APPPATH/Controllers/InmueblesController.php(115): CodeIgniter\Model->insert([...])
 8 SYSTEMPATH/CodeIgniter.php(933): App\Controllers\InmueblesController->postSolicitud()
 9 SYSTEMPATH/CodeIgniter.php(507): CodeIgniter\CodeIgniter->runController(Object(App\Controllers\InmueblesController))
10 SYSTEMPATH/CodeIgniter.php(354): CodeIgniter\CodeIgniter->handleRequest(null, Object(Config\Cache), false)
11 SYSTEMPATH/Boot.php(363): CodeIgniter\CodeIgniter->run()
12 SYSTEMPATH/Boot.php(68): CodeIgniter\Boot::runCodeIgniter(Object(CodeIgniter\CodeIgniter))
13 FCPATH/index.php(63): CodeIgniter\Boot::bootWeb(Object(Config\Paths))
CRITICAL - 2026-02-08 09:47:55 --> [Caused by] mysqli_sql_exception: Duplicate entry '10-13' for key 'solicitudes.unique_solicitud'
in SYSTEMPATH/Database/MySQLi/Connection.php on line 327.
 1 SYSTEMPATH/Database/MySQLi/Connection.php(327): mysqli->query('INSERT INTO `solicitudes` (`estudiante_id`, `inmueble_id`) VALUES (\'10\', \'13\')', 0)
 2 SYSTEMPATH/Database/BaseConnection.php(729): CodeIgniter\Database\MySQLi\Connection->execute('INSERT INTO `solicitudes` (`estudiante_id`, `inmueble_id`) VALUES (\'10\', \'13\')')
 3 SYSTEMPATH/Database/BaseConnection.php(646): CodeIgniter\Database\BaseConnection->simpleQuery('INSERT INTO `solicitudes` (`estudiante_id`, `inmueble_id`) VALUES (\'10\', \'13\')')
 4 SYSTEMPATH/Database/BaseBuilder.php(2345): CodeIgniter\Database\BaseConnection->query('INSERT INTO `solicitudes` (`estudiante_id`, `inmueble_id`) VALUES (:estudiante_id:, :inmueble_id:)', [...], false)
 5 SYSTEMPATH/Model.php(394): CodeIgniter\Database\BaseBuilder->insert()
 6 SYSTEMPATH/BaseModel.php(838): CodeIgniter\Model->doInsert([...])
 7 SYSTEMPATH/Model.php(797): CodeIgniter\BaseModel->insert([...], true)
 8 APPPATH/Controllers/InmueblesController.php(115): CodeIgniter\Model->insert([...])
 9 SYSTEMPATH/CodeIgniter.php(933): App\Controllers\InmueblesController->postSolicitud()
10 SYSTEMPATH/CodeIgniter.php(507): CodeIgniter\CodeIgniter->runController(Object(App\Controllers\InmueblesController))
11 SYSTEMPATH/CodeIgniter.php(354): CodeIgniter\CodeIgniter->handleRequest(null, Object(Config\Cache), false)
12 SYSTEMPATH/Boot.php(363): CodeIgniter\CodeIgniter->run()
13 SYSTEMPATH/Boot.php(68): CodeIgniter\Boot::runCodeIgniter(Object(CodeIgniter\CodeIgniter))
14 FCPATH/index.php(63): CodeIgniter\Boot::bootWeb(Object(Config\Paths))
CRITICAL - 2026-02-08 12:47:20 --> ErrorException: Undefined property: stdClass::$userId
[Method: POST, Route: api/usuarios/guardarDatos]
in APPPATH/Controllers/UsuariosController.php on line 123.
 1 APPPATH/Controllers/UsuariosController.php(123): CodeIgniter\Debug\Exceptions->errorHandler(2, 'Undefined property: stdClass::$userId', '/var/www/html/app/Controllers/UsuariosController.php', 123)
 2 SYSTEMPATH/CodeIgniter.php(933): App\Controllers\UsuariosController->complete()
 3 SYSTEMPATH/CodeIgniter.php(507): CodeIgniter\CodeIgniter->runController(Object(App\Controllers\UsuariosController))
 4 SYSTEMPATH/CodeIgniter.php(354): CodeIgniter\CodeIgniter->handleRequest(null, Object(Config\Cache), false)
 5 SYSTEMPATH/Boot.php(363): CodeIgniter\CodeIgniter->run()
 6 SYSTEMPATH/Boot.php(68): CodeIgniter\Boot::runCodeIgniter(Object(CodeIgniter\CodeIgniter))
 7 FCPATH/index.php(63): CodeIgniter\Boot::bootWeb(Object(Config\Paths))
CRITICAL - 2026-02-08 12:47:34 --> ErrorException: Undefined property: stdClass::$userId
[Method: POST, Route: api/usuarios/guardarDatos]
in APPPATH/Controllers/UsuariosController.php on line 123.
 1 APPPATH/Controllers/UsuariosController.php(123): CodeIgniter\Debug\Exceptions->errorHandler(2, 'Undefined property: stdClass::$userId', '/var/www/html/app/Controllers/UsuariosController.php', 123)
 2 SYSTEMPATH/CodeIgniter.php(933): App\Controllers\UsuariosController->complete()
 3 SYSTEMPATH/CodeIgniter.php(507): CodeIgniter\CodeIgniter->runController(Object(App\Controllers\UsuariosController))
 4 SYSTEMPATH/CodeIgniter.php(354): CodeIgniter\CodeIgniter->handleRequest(null, Object(Config\Cache), false)
 5 SYSTEMPATH/Boot.php(363): CodeIgniter\CodeIgniter->run()
 6 SYSTEMPATH/Boot.php(68): CodeIgniter\Boot::runCodeIgniter(Object(CodeIgniter\CodeIgniter))
 7 FCPATH/index.php(63): CodeIgniter\Boot::bootWeb(Object(Config\Paths))
CRITICAL - 2026-02-08 18:57:37 --> ErrorException: Undefined variable $entidad
[Method: GET, Route: admin/usuarios]
in APPPATH/Views/panel/usuarios/gestionUsuarios.php on line 5.
 1 APPPATH/Views/panel/usuarios/gestionUsuarios.php(5): CodeIgniter\Debug\Exceptions->errorHandler(2, 'Undefined variable $entidad', '/var/www/html/app/Views/panel/usuarios/gestionUsuarios.php', 5)
 2 SYSTEMPATH/View/View.php(226): include('/var/www/html/app/Views/panel/usuarios/gestionUsuarios.php')
 3 SYSTEMPATH/View/View.php(229): CodeIgniter\View\View->CodeIgniter\View\{closure}()
 4 SYSTEMPATH/Common.php(1199): CodeIgniter\View\View->render('panel/usuarios/gestionUsuarios', [], true)
 5 APPPATH/Controllers/Admin/UsuariosControllerA.php(17): view('panel/usuarios/gestionUsuarios', [...])
 6 SYSTEMPATH/CodeIgniter.php(933): App\Controllers\Admin\UsuariosControllerA->index()
 7 SYSTEMPATH/CodeIgniter.php(507): CodeIgniter\CodeIgniter->runController(Object(App\Controllers\Admin\UsuariosControllerA))
 8 SYSTEMPATH/CodeIgniter.php(354): CodeIgniter\CodeIgniter->handleRequest(null, Object(Config\Cache), false)
 9 SYSTEMPATH/Boot.php(363): CodeIgniter\CodeIgniter->run()
10 SYSTEMPATH/Boot.php(68): CodeIgniter\Boot::runCodeIgniter(Object(CodeIgniter\CodeIgniter))
11 FCPATH/index.php(63): CodeIgniter\Boot::bootWeb(Object(Config\Paths))
